# JRE version: Java(TM) SE Runtime Environment (11.0.5+10) (build 11.0.5+10-LTS)
# Java VM: Java HotSpot(TM) 64-Bit Server VM (11.0.5+10-LTS, mixed mode, tiered, compressed oops, g1 gc, windows-amd64)
Heap:
 garbage-first heap   total 262144K, used 206435K [0x00000000e0000000, 0x0000000100000000)
  region size 1024K, 132 young (135168K), 7 survivors (7168K)
 Metaspace       used 86664K, capacity 88812K, committed 96340K, reserved 339968K
  class space    used 10148K, capacity 10890K, committed 12032K, reserved 253952K
GC Heap History (10 events):
Event: 8544.340 GC heap after
{Heap after GC invocations=150 (full 0):
 garbage-first heap   total 262144K, used 96215K [0x00000000e0000000, 0x0000000100000000)
  region size 1024K, 5 young (5120K), 5 survivors (5120K)
 Metaspace       used 86644K, capacity 88708K, committed 96340K, reserved 339968K
  class space    used 10151K, capacity 10895K, committed 12032K, reserved 253952K
}
Event: 8748.111 GC heap before
{Heap before GC invocations=150 (full 0):
 garbage-first heap   total 262144K, used 103383K [0x00000000e0000000, 0x0000000100000000)
  region size 1024K, 12 young (12288K), 5 survivors (5120K)
 Metaspace       used 86657K, capacity 88708K, committed 96340K, reserved 339968K
  class space    used 10151K, capacity 10895K, committed 12032K, reserved 253952K
}
Event: 8748.129 GC heap after
{Heap after GC invocations=151 (full 0):
 garbage-first heap   total 262144K, used 83316K [0x00000000e0000000, 0x0000000100000000)
  region size 1024K, 1 young (1024K), 1 survivors (1024K)
 Metaspace       used 86657K, capacity 88708K, committed 96340K, reserved 339968K
  class space    used 10151K, capacity 10895K, committed 12032K, reserved 253952K
}
Event: 8748.423 GC heap before
{Heap before GC invocations=151 (full 0):
 garbage-first heap   total 262144K, used 207220K [0x00000000e0000000, 0x0000000100000000)
  region size 1024K, 122 young (124928K), 1 survivors (1024K)
 Metaspace       used 86662K, capacity 88710K, committed 96340K, reserved 339968K
  class space    used 10151K, capacity 10895K, committed 12032K, reserved 253952K
}
Event: 8748.436 GC heap after
{Heap after GC invocations=152 (full 0):
 garbage-first heap   total 262144K, used 90645K [0x00000000e0000000, 0x0000000100000000)
  region size 1024K, 9 young (9216K), 9 survivors (9216K)
 Metaspace       used 86662K, capacity 88710K, committed 96340K, reserved 339968K
  class space    used 10151K, capacity 10895K, committed 12032K, reserved 253952K
}
Event: 8795.901 GC heap before
{Heap before GC invocations=153 (full 0):
 garbage-first heap   total 262144K, used 208405K [0x00000000e0000000, 0x0000000100000000)
  region size 1024K, 125 young (128000K), 9 survivors (9216K)
 Metaspace       used 86657K, capacity 88747K, committed 96340K, reserved 339968K
  class space    used 10148K, capacity 10890K, committed 12032K, reserved 253952K
}
Event: 8795.907 GC heap after
{Heap after GC invocations=154 (full 0):
 garbage-first heap   total 262144K, used 89436K [0x00000000e0000000, 0x0000000100000000)
  region size 1024K, 7 young (7168K), 7 survivors (7168K)
 Metaspace       used 86657K, capacity 88747K, committed 96340K, reserved 339968K
  class space    used 10148K, capacity 10890K, committed 12032K, reserved 253952K
}
Event: 8795.912 GC heap before
{Heap before GC invocations=154 (full 0):
 garbage-first heap   total 262144K, used 94556K [0x00000000e0000000, 0x0000000100000000)
  region size 1024K, 12 young (12288K), 7 survivors (7168K)
 Metaspace       used 86657K, capacity 88747K, committed 96340K, reserved 339968K
  class space    used 10148K, capacity 10890K, committed 12032K, reserved 253952K
}
Event: 8795.923 GC heap after
{Heap after GC invocations=155 (full 0):
 garbage-first heap   total 262144K, used 78435K [0x00000000e0000000, 0x0000000100000000)
  region size 1024K, 1 young (1024K), 1 survivors (1024K)
 Metaspace       used 86657K, capacity 88747K, committed 96340K, reserved 339968K
  class space    used 10148K, capacity 10890K, committed 12032K, reserved 253952K
}
Event: 8849.651 GC heap before
{Heap before GC invocations=155 (full 0):
 garbage-first heap   total 262144K, used 205411K [0x00000000e0000000, 0x0000000100000000)
  region size 1024K, 126 young (129024K), 1 survivors (1024K)
 Metaspace       used 86664K, capacity 88812K, committed 96340K, reserved 339968K
  class space    used 10148K, capacity 10890K, committed 12032K, reserved 253952K
}

